             T.cells             NK.cells              B.cells 
             0.03013              0.00000              0.40758 
        Plasma.cells                 pDCs        Myeloid.cells 
             0.00000              0.02482              0.00038 
   Endothelial.cells          Fibroblasts              Schwann 
             0.16494              0.00000              0.00572 
Adrenocortical.cells                 NE.1                 NE.2 
             0.03340              0.00000              0.30694 
                NE.3                 NE.4                 NE.5 
             0.00000              0.00000              0.00011 
                NE.6                 NE.7                 NE.8 
             0.00000              0.00012              0.00000 
                NE.9                NE.10                NE.11 
             0.02586              0.00000              0.00000 
               NE.12                NE.13                NE.14 
             0.00000              0.00000              0.00000 
               NE.15 
             0.00000 
             T.cells             NK.cells              B.cells 
             0.00251              0.00000              0.00086 
        Plasma.cells                 pDCs        Myeloid.cells 
             0.00000              0.00003              0.00021 
   Endothelial.cells          Fibroblasts              Schwann 
             0.04147              0.00000              0.01231 
Adrenocortical.cells                 NE.1                 NE.2 
             0.00567              0.00000              0.51596 
                NE.3                 NE.4                 NE.5 
             0.00000              0.01015              0.00099 
                NE.6                 NE.7                 NE.8 
             0.00000              0.10352              0.00000 
                NE.9                NE.10                NE.11 
             0.04403              0.13691              0.12538 
               NE.12                NE.13                NE.14 
             0.00000              0.00000              0.00000 
               NE.15 
             0.00000 
             T.cells             NK.cells              B.cells 
             0.00000              0.00000              0.00000 
        Plasma.cells                 pDCs        Myeloid.cells 
             0.00000              0.00000              0.00000 
   Endothelial.cells          Fibroblasts              Schwann 
             0.04412              0.03037              0.04518 
Adrenocortical.cells                 NE.1                 NE.2 
             0.00820              0.00000              0.55301 
                NE.3                 NE.4                 NE.5 
             0.00000              0.00064              0.00098 
                NE.6                 NE.7                 NE.8 
             0.00017              0.03190              0.00000 
                NE.9                NE.10                NE.11 
             0.00043              0.20014              0.08487 
               NE.12                NE.13                NE.14 
             0.00000              0.00000              0.00000 
               NE.15 
             0.00000 
             T.cells             NK.cells              B.cells 
             0.00000              0.00000              0.00000 
        Plasma.cells                 pDCs        Myeloid.cells 
             0.00000              0.00001              0.00163 
   Endothelial.cells          Fibroblasts              Schwann 
             0.07918              0.04841              0.06500 
Adrenocortical.cells                 NE.1                 NE.2 
             0.44138              0.00000              0.24289 
                NE.3                 NE.4                 NE.5 
             0.00000              0.00593              0.00063 
                NE.6                 NE.7                 NE.8 
             0.00015              0.03124              0.00000 
                NE.9                NE.10                NE.11 
             0.04340              0.04012              0.00002 
               NE.12                NE.13                NE.14 
             0.00000              0.00000              0.00000 
               NE.15 
             0.00000 
             T.cells             NK.cells              B.cells 
             0.00303              0.00000              0.00044 
        Plasma.cells                 pDCs        Myeloid.cells 
             0.00000              0.00348              0.01685 
   Endothelial.cells          Fibroblasts              Schwann 
             0.05554              0.05243              0.05629 
Adrenocortical.cells                 NE.1                 NE.2 
             0.03162              0.00000              0.24657 
                NE.3                 NE.4                 NE.5 
             0.00000              0.00022              0.00050 
                NE.6                 NE.7                 NE.8 
             0.15166              0.02308              0.00000 
                NE.9                NE.10                NE.11 
             0.00024              0.27389              0.08415 
               NE.12                NE.13                NE.14 
             0.00000              0.00000              0.00000 
               NE.15 
             0.00000 
             T.cells             NK.cells              B.cells 
             0.00000              0.00000              0.00000 
        Plasma.cells                 pDCs        Myeloid.cells 
             0.00000              0.00031              0.01357 
   Endothelial.cells          Fibroblasts              Schwann 
             0.07477              0.04296              0.05928 
Adrenocortical.cells                 NE.1                 NE.2 
             0.02871              0.00000              0.31799 
                NE.3                 NE.4                 NE.5 
             0.00000              0.00062              0.00096 
                NE.6                 NE.7                 NE.8 
             0.01038              0.05637              0.00000 
                NE.9                NE.10                NE.11 
             0.00075              0.24847              0.14487 
               NE.12                NE.13                NE.14 
             0.00000              0.00000              0.00000 
               NE.15 
             0.00000 
             T.cells             NK.cells              B.cells 
             0.00000              0.00000              0.00324 
        Plasma.cells                 pDCs        Myeloid.cells 
             0.00000              0.00177              0.00924 
   Endothelial.cells          Fibroblasts              Schwann 
             0.07768              0.03069              0.04931 
Adrenocortical.cells                 NE.1                 NE.2 
             0.02440              0.00000              0.52161 
                NE.3                 NE.4                 NE.5 
             0.00000              0.00045              0.00111 
                NE.6                 NE.7                 NE.8 
             0.04031              0.00425              0.00000 
                NE.9                NE.10                NE.11 
             0.00069              0.22979              0.00000 
               NE.12                NE.13                NE.14 
             0.00000              0.00000              0.00546 
               NE.15 
             0.00000 
             T.cells             NK.cells              B.cells 
             0.00000              0.00000              0.00000 
        Plasma.cells                 pDCs        Myeloid.cells 
             0.00000              0.00000              0.00000 
   Endothelial.cells          Fibroblasts              Schwann 
             0.05680              0.02402              0.01576 
Adrenocortical.cells                 NE.1                 NE.2 
             0.00642              0.00000              0.56120 
                NE.3                 NE.4                 NE.5 
             0.00000              0.07989              0.02582 
                NE.6                 NE.7                 NE.8 
             0.00000              0.06753              0.00000 
                NE.9                NE.10                NE.11 
             0.04642              0.01992              0.00000 
               NE.12                NE.13                NE.14 
             0.09113              0.00000              0.00509 
               NE.15 
             0.00000 
             T.cells             NK.cells              B.cells 
             0.02842              0.00000              0.01826 
        Plasma.cells                 pDCs        Myeloid.cells 
             0.00000              0.00019              0.02236 
   Endothelial.cells          Fibroblasts              Schwann 
             0.06079              0.05155              0.08036 
Adrenocortical.cells                 NE.1                 NE.2 
             0.02861              0.00000              0.46601 
                NE.3                 NE.4                 NE.5 
             0.00000              0.02449              0.00066 
                NE.6                 NE.7                 NE.8 
             0.00000              0.06897              0.00000 
                NE.9                NE.10                NE.11 
             0.00052              0.10373              0.04509 
               NE.12                NE.13                NE.14 
             0.00000              0.00000              0.00000 
               NE.15 
             0.00000 
             T.cells             NK.cells              B.cells 
             0.00040              0.00000              0.00000 
        Plasma.cells                 pDCs        Myeloid.cells 
             0.00000              0.00062              0.00450 
   Endothelial.cells          Fibroblasts              Schwann 
             0.06337              0.03243              0.05241 
Adrenocortical.cells                 NE.1                 NE.2 
             0.00217              0.00000              0.36406 
                NE.3                 NE.4                 NE.5 
             0.00000              0.07050              0.00046 
                NE.6                 NE.7                 NE.8 
             0.06188              0.01477              0.00000 
                NE.9                NE.10                NE.11 
             0.06022              0.25940              0.01280 
               NE.12                NE.13                NE.14 
             0.00000              0.00000              0.00000 
               NE.15 
             0.00000 
             T.cells             NK.cells              B.cells 
             0.00000              0.00000              0.00000 
        Plasma.cells                 pDCs        Myeloid.cells 
             0.00000              0.00000              0.00000 
   Endothelial.cells          Fibroblasts              Schwann 
             0.03118              0.00000              0.01773 
Adrenocortical.cells                 NE.1                 NE.2 
             0.00346              0.00000              0.45194 
                NE.3                 NE.4                 NE.5 
             0.00000              0.00018              0.00092 
                NE.6                 NE.7                 NE.8 
             0.04513              0.02702              0.00000 
                NE.9                NE.10                NE.11 
             0.17435              0.08971              0.15840 
               NE.12                NE.13                NE.14 
             0.00000              0.00000              0.00000 
               NE.15 
             0.00000 
             T.cells             NK.cells              B.cells 
             0.00000              0.00000              0.00000 
        Plasma.cells                 pDCs        Myeloid.cells 
             0.00000              0.00000              0.00000 
   Endothelial.cells          Fibroblasts              Schwann 
             0.04631              0.01633              0.04282 
Adrenocortical.cells                 NE.1                 NE.2 
             0.02656              0.00000              0.52315 
                NE.3                 NE.4                 NE.5 
             0.00000              0.00000              0.12805 
                NE.6                 NE.7                 NE.8 
             0.00000              0.04808              0.00000 
                NE.9                NE.10                NE.11 
             0.16415              0.00455              0.00000 
               NE.12                NE.13                NE.14 
             0.00000              0.00000              0.00000 
               NE.15 
             0.00000 
             T.cells             NK.cells              B.cells 
             0.00000              0.00000              0.00000 
        Plasma.cells                 pDCs        Myeloid.cells 
             0.00000              0.00216              0.00486 
   Endothelial.cells          Fibroblasts              Schwann 
             0.13092              0.27661              0.15177 
Adrenocortical.cells                 NE.1                 NE.2 
             0.02018              0.00000              0.37216 
                NE.3                 NE.4                 NE.5 
             0.00000              0.00017              0.00079 
                NE.6                 NE.7                 NE.8 
             0.00000              0.00000              0.00000 
                NE.9                NE.10                NE.11 
             0.00054              0.03985              0.00000 
               NE.12                NE.13                NE.14 
             0.00000              0.00000              0.00000 
               NE.15 
             0.00000 
             T.cells             NK.cells              B.cells 
             0.00000              0.00000              0.00000 
        Plasma.cells                 pDCs        Myeloid.cells 
             0.00000              0.00000              0.01060 
   Endothelial.cells          Fibroblasts              Schwann 
             0.06547              0.02309              0.02781 
Adrenocortical.cells                 NE.1                 NE.2 
             0.00254              0.00000              0.49856 
                NE.3                 NE.4                 NE.5 
             0.00000              0.07517              0.00057 
                NE.6                 NE.7                 NE.8 
             0.00002              0.07250              0.00000 
                NE.9                NE.10                NE.11 
             0.06177              0.15283              0.00907 
               NE.12                NE.13                NE.14 
             0.00000              0.00000              0.00000 
               NE.15 
             0.00000 
             T.cells             NK.cells              B.cells 
             0.01139              0.00008              0.00573 
        Plasma.cells                 pDCs        Myeloid.cells 
             0.00000              0.00421              0.00998 
   Endothelial.cells          Fibroblasts              Schwann 
             0.06450              0.01863              0.05047 
Adrenocortical.cells                 NE.1                 NE.2 
             0.02778              0.00000              0.37704 
                NE.3                 NE.4                 NE.5 
             0.00000              0.00028              0.00087 
                NE.6                 NE.7                 NE.8 
             0.00049              0.00765              0.00000 
                NE.9                NE.10                NE.11 
             0.05905              0.18624              0.17563 
               NE.12                NE.13                NE.14 
             0.00000              0.00000              0.00000 
               NE.15 
             0.00000 
             T.cells             NK.cells              B.cells 
             0.00043              0.00067              0.00351 
        Plasma.cells                 pDCs        Myeloid.cells 
             0.00000              0.00000              0.00000 
   Endothelial.cells          Fibroblasts              Schwann 
             0.05793              0.00363              0.01035 
Adrenocortical.cells                 NE.1                 NE.2 
             0.00957              0.00000              0.52483 
                NE.3                 NE.4                 NE.5 
             0.00000              0.02212              0.00087 
                NE.6                 NE.7                 NE.8 
             0.10657              0.00565              0.00000 
                NE.9                NE.10                NE.11 
             0.02082              0.17094              0.06212 
               NE.12                NE.13                NE.14 
             0.00000              0.00000              0.00000 
               NE.15 
             0.00000 
             T.cells             NK.cells              B.cells 
             0.00000              0.00000              0.00033 
        Plasma.cells                 pDCs        Myeloid.cells 
             0.00000              0.00000              0.00219 
   Endothelial.cells          Fibroblasts              Schwann 
             0.05452              0.00489              0.03494 
Adrenocortical.cells                 NE.1                 NE.2 
             0.01462              0.00000              0.45684 
                NE.3                 NE.4                 NE.5 
             0.00000              0.00078              0.00095 
                NE.6                 NE.7                 NE.8 
             0.14442              0.05452              0.00000 
                NE.9                NE.10                NE.11 
             0.00076              0.20094              0.02932 
               NE.12                NE.13                NE.14 
             0.00000              0.00000              0.00000 
               NE.15 
             0.00000 
             T.cells             NK.cells              B.cells 
             0.00000              0.00000              0.00000 
        Plasma.cells                 pDCs        Myeloid.cells 
             0.00000              0.00007              0.00410 
   Endothelial.cells          Fibroblasts              Schwann 
             0.10763              0.01140              0.01813 
Adrenocortical.cells                 NE.1                 NE.2 
             0.00519              0.00000              0.56711 
                NE.3                 NE.4                 NE.5 
             0.00000              0.00103              0.00058 
                NE.6                 NE.7                 NE.8 
             0.11380              0.00000              0.00000 
                NE.9                NE.10                NE.11 
             0.00050              0.17046              0.00000 
               NE.12                NE.13                NE.14 
             0.00000              0.00000              0.00000 
               NE.15 
             0.00000 
             T.cells             NK.cells              B.cells 
             0.00249              0.00000              0.00356 
        Plasma.cells                 pDCs        Myeloid.cells 
             0.00000              0.00820              0.04159 
   Endothelial.cells          Fibroblasts              Schwann 
             0.12458              0.05642              0.53040 
Adrenocortical.cells                 NE.1                 NE.2 
             0.02893              0.00000              0.14202 
                NE.3                 NE.4                 NE.5 
             0.00000              0.00004              0.00063 
                NE.6                 NE.7                 NE.8 
             0.00000              0.00000              0.00000 
                NE.9                NE.10                NE.11 
             0.00050              0.06062              0.00000 
               NE.12                NE.13                NE.14 
             0.00000              0.00000              0.00000 
               NE.15 
             0.00000 
             T.cells             NK.cells              B.cells 
             0.00000              0.00000              0.00000 
        Plasma.cells                 pDCs        Myeloid.cells 
             0.00000              0.00350              0.00692 
   Endothelial.cells          Fibroblasts              Schwann 
             0.12796              0.09665              0.14107 
Adrenocortical.cells                 NE.1                 NE.2 
             0.02187              0.00000              0.41086 
                NE.3                 NE.4                 NE.5 
             0.00000              0.00025              0.00090 
                NE.6                 NE.7                 NE.8 
             0.01655              0.00000              0.00000 
                NE.9                NE.10                NE.11 
             0.00048              0.17301              0.00000 
               NE.12                NE.13                NE.14 
             0.00000              0.00000              0.00000 
               NE.15 
             0.00000 
             T.cells             NK.cells              B.cells 
             0.00000              0.00000              0.00356 
        Plasma.cells                 pDCs        Myeloid.cells 
             0.00000              0.00000              0.00000 
   Endothelial.cells          Fibroblasts              Schwann 
             0.11242              0.04926              0.03786 
Adrenocortical.cells                 NE.1                 NE.2 
             0.00875              0.00000              0.54958 
                NE.3                 NE.4                 NE.5 
             0.00000              0.00000              0.00074 
                NE.6                 NE.7                 NE.8 
             0.00011              0.03958              0.00000 
                NE.9                NE.10                NE.11 
             0.12446              0.07276              0.00093 
               NE.12                NE.13                NE.14 
             0.00000              0.00000              0.00000 
               NE.15 
             0.00000 
             T.cells             NK.cells              B.cells 
             0.00000              0.00000              0.00957 
        Plasma.cells                 pDCs        Myeloid.cells 
             0.00185              0.00000              0.00723 
   Endothelial.cells          Fibroblasts              Schwann 
             0.09476              0.09073              0.05559 
Adrenocortical.cells                 NE.1                 NE.2 
             0.01498              0.00000              0.48917 
                NE.3                 NE.4                 NE.5 
             0.00000              0.01900              0.00061 
                NE.6                 NE.7                 NE.8 
             0.00014              0.13999              0.00000 
                NE.9                NE.10                NE.11 
             0.04064              0.03572              0.00003 
               NE.12                NE.13                NE.14 
             0.00000              0.00000              0.00000 
               NE.15 
             0.00000 
             T.cells             NK.cells              B.cells 
             0.10663              0.01938              0.15508 
        Plasma.cells                 pDCs        Myeloid.cells 
             0.00760              0.00497              0.06470 
   Endothelial.cells          Fibroblasts              Schwann 
             0.09489              0.00000              0.01979 
Adrenocortical.cells                 NE.1                 NE.2 
             0.04153              0.00000              0.44280 
                NE.3                 NE.4                 NE.5 
             0.00000              0.00105              0.00043 
                NE.6                 NE.7                 NE.8 
             0.00000              0.00054              0.00000 
                NE.9                NE.10                NE.11 
             0.04061              0.00000              0.00000 
               NE.12                NE.13                NE.14 
             0.00000              0.00000              0.00000 
               NE.15 
             0.00000 
             T.cells             NK.cells              B.cells 
             0.00523              0.00000              0.00375 
        Plasma.cells                 pDCs        Myeloid.cells 
             0.00000              0.00287              0.01320 
   Endothelial.cells          Fibroblasts              Schwann 
             0.13167              0.11433              0.41355 
Adrenocortical.cells                 NE.1                 NE.2 
             0.02965              0.00000              0.25355 
                NE.3                 NE.4                 NE.5 
             0.00000              0.00001              0.00102 
                NE.6                 NE.7                 NE.8 
             0.00000              0.00000              0.00000 
                NE.9                NE.10                NE.11 
             0.00054              0.03064              0.00000 
               NE.12                NE.13                NE.14 
             0.00000              0.00000              0.00000 
               NE.15 
             0.00000 
             T.cells             NK.cells              B.cells 
             0.00000              0.00000              0.00180 
        Plasma.cells                 pDCs        Myeloid.cells 
             0.00015              0.00000              0.00000 
   Endothelial.cells          Fibroblasts              Schwann 
             0.04566              0.00000              0.00545 
Adrenocortical.cells                 NE.1                 NE.2 
             0.00350              0.00000              0.68911 
                NE.3                 NE.4                 NE.5 
             0.00000              0.02514              0.00129 
                NE.6                 NE.7                 NE.8 
             0.00031              0.12277              0.00000 
                NE.9                NE.10                NE.11 
             0.06403              0.04080              0.00000 
               NE.12                NE.13                NE.14 
             0.00000              0.00000              0.00000 
               NE.15 
             0.00000 
             T.cells             NK.cells              B.cells 
             0.00000              0.00000              0.00000 
        Plasma.cells                 pDCs        Myeloid.cells 
             0.00007              0.00503              0.02325 
   Endothelial.cells          Fibroblasts              Schwann 
             0.06375              0.05808              0.17807 
Adrenocortical.cells                 NE.1                 NE.2 
             0.03530              0.00000              0.36048 
                NE.3                 NE.4                 NE.5 
             0.00000              0.00086              0.00105 
                NE.6                 NE.7                 NE.8 
             0.00598              0.00000              0.00000 
                NE.9                NE.10                NE.11 
             0.00097              0.26711              0.00000 
               NE.12                NE.13                NE.14 
             0.00000              0.00000              0.00000 
               NE.15 
             0.00000 
             T.cells             NK.cells              B.cells 
             0.00000              0.00000              0.00000 
        Plasma.cells                 pDCs        Myeloid.cells 
             0.00000              0.00000              0.00000 
   Endothelial.cells          Fibroblasts              Schwann 
             0.07299              0.00000              0.04445 
Adrenocortical.cells                 NE.1                 NE.2 
             0.01000              0.00000              0.59017 
                NE.3                 NE.4                 NE.5 
             0.00000              0.02845              0.00093 
                NE.6                 NE.7                 NE.8 
             0.03009              0.00017              0.00000 
                NE.9                NE.10                NE.11 
             0.00053              0.21659              0.00564 
               NE.12                NE.13                NE.14 
             0.00000              0.00000              0.00000 
               NE.15 
             0.00000 
             T.cells             NK.cells              B.cells 
             0.00044              0.00042              0.00000 
        Plasma.cells                 pDCs        Myeloid.cells 
             0.00000              0.00129              0.00495 
   Endothelial.cells          Fibroblasts              Schwann 
             0.08490              0.09167              0.08498 
Adrenocortical.cells                 NE.1                 NE.2 
             0.02501              0.00000              0.48250 
                NE.3                 NE.4                 NE.5 
             0.00000              0.00010              0.00062 
                NE.6                 NE.7                 NE.8 
             0.02083              0.00000              0.00000 
                NE.9                NE.10                NE.11 
             0.00036              0.20193              0.00000 
               NE.12                NE.13                NE.14 
             0.00000              0.00000              0.00000 
               NE.15 
             0.00000 
             T.cells             NK.cells              B.cells 
             0.03256              0.00000              0.00806 
        Plasma.cells                 pDCs        Myeloid.cells 
             0.00000              0.00259              0.00224 
   Endothelial.cells          Fibroblasts              Schwann 
             0.02518              0.00000              0.00433 
Adrenocortical.cells                 NE.1                 NE.2 
             0.00728              0.00000              0.54689 
                NE.3                 NE.4                 NE.5 
             0.00000              0.06203              0.00068 
                NE.6                 NE.7                 NE.8 
             0.00000              0.17758              0.00000 
                NE.9                NE.10                NE.11 
             0.04701              0.05061              0.03295 
               NE.12                NE.13                NE.14 
             0.00000              0.00000              0.00000 
               NE.15 
             0.00000 
             T.cells             NK.cells              B.cells 
             0.00000              0.00000              0.00000 
        Plasma.cells                 pDCs        Myeloid.cells 
             0.00000              0.00054              0.00414 
   Endothelial.cells          Fibroblasts              Schwann 
             0.07961              0.10738              0.21175 
Adrenocortical.cells                 NE.1                 NE.2 
             0.00949              0.00000              0.41865 
                NE.3                 NE.4                 NE.5 
             0.00000              0.00044              0.00085 
                NE.6                 NE.7                 NE.8 
             0.00049              0.03331              0.00000 
                NE.9                NE.10                NE.11 
             0.00051              0.13249              0.00035 
               NE.12                NE.13                NE.14 
             0.00000              0.00000              0.00000 
               NE.15 
             0.00000 
             T.cells             NK.cells              B.cells 
             0.00000              0.00000              0.00000 
        Plasma.cells                 pDCs        Myeloid.cells 
             0.00000              0.00000              0.00000 
   Endothelial.cells          Fibroblasts              Schwann 
             0.10042              0.10110              0.05657 
Adrenocortical.cells                 NE.1                 NE.2 
             0.02082              0.00000              0.56596 
                NE.3                 NE.4                 NE.5 
             0.00000              0.04617              0.00972 
                NE.6                 NE.7                 NE.8 
             0.00000              0.02667              0.00000 
                NE.9                NE.10                NE.11 
             0.07119              0.00000              0.00000 
               NE.12                NE.13                NE.14 
             0.00138              0.00000              0.00000 
               NE.15 
             0.00000 
             T.cells             NK.cells              B.cells 
             0.00000              0.00000              0.00000 
        Plasma.cells                 pDCs        Myeloid.cells 
             0.00016              0.00172              0.00014 
   Endothelial.cells          Fibroblasts              Schwann 
             0.15738              0.66825              0.12699 
Adrenocortical.cells                 NE.1                 NE.2 
             0.00936              0.00000              0.03540 
                NE.3                 NE.4                 NE.5 
             0.00000              0.00021              0.00013 
                NE.6                 NE.7                 NE.8 
             0.00000              0.00000              0.00000 
                NE.9                NE.10                NE.11 
             0.00021              0.00004              0.00000 
               NE.12                NE.13                NE.14 
             0.00000              0.00000              0.00000 
               NE.15 
             0.00000 
             T.cells             NK.cells              B.cells 
             0.00172              0.00000              0.00000 
        Plasma.cells                 pDCs        Myeloid.cells 
             0.00000              0.00359              0.01093 
   Endothelial.cells          Fibroblasts              Schwann 
             0.07676              0.07552              0.24096 
Adrenocortical.cells                 NE.1                 NE.2 
             0.02675              0.00000              0.33567 
                NE.3                 NE.4                 NE.5 
             0.00000              0.00032              0.00108 
                NE.6                 NE.7                 NE.8 
             0.04098              0.00001              0.00000 
                NE.9                NE.10                NE.11 
             0.00043              0.18529              0.00000 
               NE.12                NE.13                NE.14 
             0.00000              0.00000              0.00000 
               NE.15 
             0.00000 
             T.cells             NK.cells              B.cells 
             0.00000              0.00000              0.00059 
        Plasma.cells                 pDCs        Myeloid.cells 
             0.00000              0.00016              0.00093 
   Endothelial.cells          Fibroblasts              Schwann 
             0.06096              0.01292              0.05598 
Adrenocortical.cells                 NE.1                 NE.2 
             0.01639              0.00000              0.47722 
                NE.3                 NE.4                 NE.5 
             0.00000              0.00102              0.00123 
                NE.6                 NE.7                 NE.8 
             0.00013              0.01472              0.00000 
                NE.9                NE.10                NE.11 
             0.00525              0.23601              0.11648 
               NE.12                NE.13                NE.14 
             0.00000              0.00000              0.00000 
               NE.15 
             0.00000 
             T.cells             NK.cells              B.cells 
             0.00027              0.00149              0.00456 
        Plasma.cells                 pDCs        Myeloid.cells 
             0.00014              0.00433              0.01785 
   Endothelial.cells          Fibroblasts              Schwann 
             0.16433              0.24347              0.07172 
Adrenocortical.cells                 NE.1                 NE.2 
             0.02786              0.00000              0.34686 
                NE.3                 NE.4                 NE.5 
             0.00000              0.00035              0.00081 
                NE.6                 NE.7                 NE.8 
             0.00021              0.00004              0.00000 
                NE.9                NE.10                NE.11 
             0.00037              0.11535              0.00000 
               NE.12                NE.13                NE.14 
             0.00000              0.00000              0.00000 
               NE.15 
             0.00000 
             T.cells             NK.cells              B.cells 
             0.00400              0.00045              0.00326 
        Plasma.cells                 pDCs        Myeloid.cells 
             0.00001              0.00559              0.02174 
   Endothelial.cells          Fibroblasts              Schwann 
             0.16141              0.14324              0.28929 
Adrenocortical.cells                 NE.1                 NE.2 
             0.15949              0.00000              0.16197 
                NE.3                 NE.4                 NE.5 
             0.00000              0.00004              0.00096 
                NE.6                 NE.7                 NE.8 
             0.00000              0.00000              0.00000 
                NE.9                NE.10                NE.11 
             0.00105              0.04750              0.00000 
               NE.12                NE.13                NE.14 
             0.00000              0.00000              0.00000 
               NE.15 
             0.00000 
             T.cells             NK.cells              B.cells 
             0.00585              0.00000              0.00000 
        Plasma.cells                 pDCs        Myeloid.cells 
             0.00000              0.00334              0.02590 
   Endothelial.cells          Fibroblasts              Schwann 
             0.08483              0.11389              0.06739 
Adrenocortical.cells                 NE.1                 NE.2 
             0.03215              0.00000              0.48741 
                NE.3                 NE.4                 NE.5 
             0.00000              0.00589              0.00104 
                NE.6                 NE.7                 NE.8 
             0.00028              0.00000              0.00000 
                NE.9                NE.10                NE.11 
             0.00034              0.17169              0.00000 
               NE.12                NE.13                NE.14 
             0.00000              0.00000              0.00000 
               NE.15 
             0.00000 
             T.cells             NK.cells              B.cells 
             0.00068              0.00000              0.00005 
        Plasma.cells                 pDCs        Myeloid.cells 
             0.00000              0.00010              0.00234 
   Endothelial.cells          Fibroblasts              Schwann 
             0.03073              0.00000              0.02745 
Adrenocortical.cells                 NE.1                 NE.2 
             0.01142              0.00000              0.45430 
                NE.3                 NE.4                 NE.5 
             0.00000              0.05401              0.00079 
                NE.6                 NE.7                 NE.8 
             0.00423              0.04989              0.00000 
                NE.9                NE.10                NE.11 
             0.00085              0.23667              0.12647 
               NE.12                NE.13                NE.14 
             0.00000              0.00000              0.00000 
               NE.15 
             0.00000 
             T.cells             NK.cells              B.cells 
             0.00000              0.00000              0.00000 
        Plasma.cells                 pDCs        Myeloid.cells 
             0.00000              0.00168              0.01132 
   Endothelial.cells          Fibroblasts              Schwann 
             0.13329              0.09915              0.09313 
Adrenocortical.cells                 NE.1                 NE.2 
             0.01007              0.00000              0.40812 
                NE.3                 NE.4                 NE.5 
             0.00000              0.00161              0.00072 
                NE.6                 NE.7                 NE.8 
             0.06735              0.00000              0.00000 
                NE.9                NE.10                NE.11 
             0.00094              0.17213              0.00049 
               NE.12                NE.13                NE.14 
             0.00000              0.00000              0.00000 
               NE.15 
             0.00000 
             T.cells             NK.cells              B.cells 
             0.00000              0.00000              0.00000 
        Plasma.cells                 pDCs        Myeloid.cells 
             0.00000              0.00294              0.00628 
   Endothelial.cells          Fibroblasts              Schwann 
             0.11457              0.19072              0.02141 
Adrenocortical.cells                 NE.1                 NE.2 
             0.00438              0.00000              0.46767 
                NE.3                 NE.4                 NE.5 
             0.00000              0.01460              0.00056 
                NE.6                 NE.7                 NE.8 
             0.00025              0.00003              0.00000 
                NE.9                NE.10                NE.11 
             0.00031              0.15141              0.02486 
               NE.12                NE.13                NE.14 
             0.00000              0.00000              0.00000 
               NE.15 
             0.00000 
             T.cells             NK.cells              B.cells 
             0.00264              0.00000              0.00042 
        Plasma.cells                 pDCs        Myeloid.cells 
             0.00000              0.00595              0.01631 
   Endothelial.cells          Fibroblasts              Schwann 
             0.11862              0.07720              0.31239 
Adrenocortical.cells                 NE.1                 NE.2 
             0.02227              0.00000              0.32824 
                NE.3                 NE.4                 NE.5 
             0.00000              0.02002              0.00100 
                NE.6                 NE.7                 NE.8 
             0.00028              0.00004              0.00000 
                NE.9                NE.10                NE.11 
             0.00068              0.09393              0.00000 
               NE.12                NE.13                NE.14 
             0.00000              0.00000              0.00000 
               NE.15 
             0.00000 
             T.cells             NK.cells              B.cells 
             0.00000              0.00000              0.00000 
        Plasma.cells                 pDCs        Myeloid.cells 
             0.00000              0.00000              0.00000 
   Endothelial.cells          Fibroblasts              Schwann 
             0.06757              0.00726              0.03485 
Adrenocortical.cells                 NE.1                 NE.2 
             0.01855              0.00000              0.45912 
                NE.3                 NE.4                 NE.5 
             0.00000              0.05504              0.04485 
                NE.6                 NE.7                 NE.8 
             0.00000              0.15840              0.00000 
                NE.9                NE.10                NE.11 
             0.09421              0.00004              0.00000 
               NE.12                NE.13                NE.14 
             0.04455              0.00000              0.01554 
               NE.15 
             0.00000 
             T.cells             NK.cells              B.cells 
             0.00196              0.00000              0.00841 
        Plasma.cells                 pDCs        Myeloid.cells 
             0.00109              0.00011              0.01853 
   Endothelial.cells          Fibroblasts              Schwann 
             0.11320              0.09848              0.13772 
Adrenocortical.cells                 NE.1                 NE.2 
             0.00340              0.00000              0.48432 
                NE.3                 NE.4                 NE.5 
             0.00000              0.00745              0.00102 
                NE.6                 NE.7                 NE.8 
             0.00000              0.02585              0.00000 
                NE.9                NE.10                NE.11 
             0.02184              0.07643              0.00019 
               NE.12                NE.13                NE.14 
             0.00000              0.00000              0.00000 
               NE.15 
             0.00000 
             T.cells             NK.cells              B.cells 
             0.00000              0.00000              0.00000 
        Plasma.cells                 pDCs        Myeloid.cells 
             0.00005              0.00260              0.00219 
   Endothelial.cells          Fibroblasts              Schwann 
             0.07145              0.09309              0.13043 
Adrenocortical.cells                 NE.1                 NE.2 
             0.02177              0.00000              0.43394 
                NE.3                 NE.4                 NE.5 
             0.00000              0.00043              0.00079 
                NE.6                 NE.7                 NE.8 
             0.01222              0.00062              0.00000 
                NE.9                NE.10                NE.11 
             0.00047              0.22978              0.00017 
               NE.12                NE.13                NE.14 
             0.00000              0.00000              0.00000 
               NE.15 
             0.00000 
             T.cells             NK.cells              B.cells 
             0.00000              0.00000              0.00000 
        Plasma.cells                 pDCs        Myeloid.cells 
             0.00000              0.00000              0.00000 
   Endothelial.cells          Fibroblasts              Schwann 
             0.05176              0.00000              0.01363 
Adrenocortical.cells                 NE.1                 NE.2 
             0.00547              0.00000              0.43972 
                NE.3                 NE.4                 NE.5 
             0.00000              0.10966              0.00058 
                NE.6                 NE.7                 NE.8 
             0.12608              0.07401              0.00000 
                NE.9                NE.10                NE.11 
             0.04556              0.13353              0.00000 
               NE.12                NE.13                NE.14 
             0.00000              0.00000              0.00000 
               NE.15 
             0.00000 
             T.cells             NK.cells              B.cells 
             0.00000              0.00000              0.00000 
        Plasma.cells                 pDCs        Myeloid.cells 
             0.00000              0.00000              0.00000 
   Endothelial.cells          Fibroblasts              Schwann 
             0.02552              0.00002              0.06620 
Adrenocortical.cells                 NE.1                 NE.2 
             0.00578              0.00000              0.53384 
                NE.3                 NE.4                 NE.5 
             0.00000              0.00007              0.00115 
                NE.6                 NE.7                 NE.8 
             0.00711              0.03195              0.00000 
                NE.9                NE.10                NE.11 
             0.05267              0.19191              0.08377 
               NE.12                NE.13                NE.14 
             0.00000              0.00000              0.00000 
               NE.15 
             0.00000 
             T.cells             NK.cells              B.cells 
             0.00000              0.00000              0.00000 
        Plasma.cells                 pDCs        Myeloid.cells 
             0.00001              0.00055              0.00625 
   Endothelial.cells          Fibroblasts              Schwann 
             0.08195              0.10315              0.21405 
Adrenocortical.cells                 NE.1                 NE.2 
             0.02916              0.00000              0.34753 
                NE.3                 NE.4                 NE.5 
             0.00000              0.00028              0.00080 
                NE.6                 NE.7                 NE.8 
             0.00123              0.00008              0.00000 
                NE.9                NE.10                NE.11 
             0.00046              0.21450              0.00000 
               NE.12                NE.13                NE.14 
             0.00000              0.00000              0.00000 
               NE.15 
             0.00000 
             T.cells             NK.cells              B.cells 
             0.02157              0.00000              0.00563 
        Plasma.cells                 pDCs        Myeloid.cells 
             0.00000              0.00210              0.00735 
   Endothelial.cells          Fibroblasts              Schwann 
             0.11835              0.00837              0.04777 
Adrenocortical.cells                 NE.1                 NE.2 
             0.01988              0.00000              0.55252 
                NE.3                 NE.4                 NE.5 
             0.00000              0.00028              0.00048 
                NE.6                 NE.7                 NE.8 
             0.00032              0.00003              0.00000 
                NE.9                NE.10                NE.11 
             0.00017              0.20682              0.00836 
               NE.12                NE.13                NE.14 
             0.00000              0.00000              0.00000 
               NE.15 
             0.00000 
             T.cells             NK.cells              B.cells 
             0.00000              0.00000              0.00000 
        Plasma.cells                 pDCs        Myeloid.cells 
             0.00000              0.00000              0.00260 
   Endothelial.cells          Fibroblasts              Schwann 
             0.06828              0.01632              0.03024 
Adrenocortical.cells                 NE.1                 NE.2 
             0.00894              0.00000              0.46111 
                NE.3                 NE.4                 NE.5 
             0.00000              0.08885              0.00082 
                NE.6                 NE.7                 NE.8 
             0.00000              0.14662              0.00000 
                NE.9                NE.10                NE.11 
             0.03427              0.01685              0.12510 
               NE.12                NE.13                NE.14 
             0.00000              0.00000              0.00000 
               NE.15 
             0.00000 
             T.cells             NK.cells              B.cells 
             0.08948              0.00000              0.24845 
        Plasma.cells                 pDCs        Myeloid.cells 
             0.00000              0.01108              0.01876 
   Endothelial.cells          Fibroblasts              Schwann 
             0.10219              0.00000              0.01654 
Adrenocortical.cells                 NE.1                 NE.2 
             0.06888              0.00000              0.25153 
                NE.3                 NE.4                 NE.5 
             0.00000              0.00002              0.00009 
                NE.6                 NE.7                 NE.8 
             0.00000              0.03962              0.00000 
                NE.9                NE.10                NE.11 
             0.15335              0.00000              0.00000 
               NE.12                NE.13                NE.14 
             0.00000              0.00000              0.00000 
               NE.15 
             0.00000 
             T.cells             NK.cells              B.cells 
             0.00040              0.00011              0.00000 
        Plasma.cells                 pDCs        Myeloid.cells 
             0.00000              0.00101              0.03365 
   Endothelial.cells          Fibroblasts              Schwann 
             0.09743              0.08474              0.11959 
Adrenocortical.cells                 NE.1                 NE.2 
             0.01404              0.00000              0.51063 
                NE.3                 NE.4                 NE.5 
             0.00000              0.01163              0.00057 
                NE.6                 NE.7                 NE.8 
             0.00103              0.00000              0.00000 
                NE.9                NE.10                NE.11 
             0.00018              0.12498              0.00000 
               NE.12                NE.13                NE.14 
             0.00000              0.00000              0.00000 
               NE.15 
             0.00000 
             T.cells             NK.cells              B.cells 
             0.01791              0.00000              0.00000 
        Plasma.cells                 pDCs        Myeloid.cells 
             0.00000              0.00547              0.04217 
   Endothelial.cells          Fibroblasts              Schwann 
             0.19749              0.17693              0.32940 
Adrenocortical.cells                 NE.1                 NE.2 
             0.02344              0.00000              0.20600 
                NE.3                 NE.4                 NE.5 
             0.00000              0.00000              0.00040 
                NE.6                 NE.7                 NE.8 
             0.00000              0.00000              0.00000 
                NE.9                NE.10                NE.11 
             0.00023              0.00056              0.00000 
               NE.12                NE.13                NE.14 
             0.00000              0.00000              0.00000 
               NE.15 
             0.00000 
             T.cells             NK.cells              B.cells 
             0.00212              0.00000              0.00419 
        Plasma.cells                 pDCs        Myeloid.cells 
             0.00000              0.00008              0.00000 
   Endothelial.cells          Fibroblasts              Schwann 
             0.03709              0.00000              0.01124 
Adrenocortical.cells                 NE.1                 NE.2 
             0.00629              0.00000              0.54994 
                NE.3                 NE.4                 NE.5 
             0.00000              0.02823              0.00076 
                NE.6                 NE.7                 NE.8 
             0.00000              0.18657              0.00000 
                NE.9                NE.10                NE.11 
             0.07881              0.00300              0.09168 
               NE.12                NE.13                NE.14 
             0.00000              0.00000              0.00000 
               NE.15 
             0.00000 
             T.cells             NK.cells              B.cells 
             0.02194              0.00000              0.00095 
        Plasma.cells                 pDCs        Myeloid.cells 
             0.00000              0.00000              0.00367 
   Endothelial.cells          Fibroblasts              Schwann 
             0.06192              0.01476              0.03857 
Adrenocortical.cells                 NE.1                 NE.2 
             0.01034              0.00000              0.50158 
                NE.3                 NE.4                 NE.5 
             0.00000              0.07587              0.00056 
                NE.6                 NE.7                 NE.8 
             0.00002              0.13550              0.00000 
                NE.9                NE.10                NE.11 
             0.02753              0.03298              0.07381 
               NE.12                NE.13                NE.14 
             0.00000              0.00000              0.00000 
               NE.15 
             0.00000 
             T.cells             NK.cells              B.cells 
             0.00561              0.00000              0.00220 
        Plasma.cells                 pDCs        Myeloid.cells 
             0.00000              0.00000              0.00000 
   Endothelial.cells          Fibroblasts              Schwann 
             0.06170              0.02361              0.08723 
Adrenocortical.cells                 NE.1                 NE.2 
             0.01336              0.00000              0.50600 
                NE.3                 NE.4                 NE.5 
             0.00000              0.00915              0.00084 
                NE.6                 NE.7                 NE.8 
             0.01606              0.01004              0.00000 
                NE.9                NE.10                NE.11 
             0.02058              0.14139              0.10222 
               NE.12                NE.13                NE.14 
             0.00000              0.00000              0.00000 
               NE.15 
             0.00000 
             T.cells             NK.cells              B.cells 
             0.00000              0.00000              0.00000 
        Plasma.cells                 pDCs        Myeloid.cells 
             0.00000              0.00000              0.00000 
   Endothelial.cells          Fibroblasts              Schwann 
             0.10240              0.03619              0.05125 
Adrenocortical.cells                 NE.1                 NE.2 
             0.00838              0.00000              0.61950 
                NE.3                 NE.4                 NE.5 
             0.00000              0.00517              0.00087 
                NE.6                 NE.7                 NE.8 
             0.00085              0.01365              0.00000 
                NE.9                NE.10                NE.11 
             0.00362              0.15812              0.00000 
               NE.12                NE.13                NE.14 
             0.00000              0.00000              0.00000 
               NE.15 
             0.00000 
             T.cells             NK.cells              B.cells 
             0.00000              0.00000              0.00000 
        Plasma.cells                 pDCs        Myeloid.cells 
             0.00000              0.00577              0.00703 
   Endothelial.cells          Fibroblasts              Schwann 
             0.09768              0.13576              0.50522 
Adrenocortical.cells                 NE.1                 NE.2 
             0.01543              0.00000              0.21352 
                NE.3                 NE.4                 NE.5 
             0.00000              0.00003              0.00050 
                NE.6                 NE.7                 NE.8 
             0.00000              0.00000              0.00000 
                NE.9                NE.10                NE.11 
             0.00035              0.01873              0.00000 
               NE.12                NE.13                NE.14 
             0.00000              0.00000              0.00000 
               NE.15 
             0.00000 
             T.cells             NK.cells              B.cells 
             0.00000              0.00000              0.00000 
        Plasma.cells                 pDCs        Myeloid.cells 
             0.00000              0.00000              0.00000 
   Endothelial.cells          Fibroblasts              Schwann 
             0.07969              0.08185              0.03517 
Adrenocortical.cells                 NE.1                 NE.2 
             0.02373              0.00000              0.49435 
                NE.3                 NE.4                 NE.5 
             0.00000              0.10429              0.00053 
                NE.6                 NE.7                 NE.8 
             0.00009              0.03995              0.00000 
                NE.9                NE.10                NE.11 
             0.04518              0.09495              0.00023 
               NE.12                NE.13                NE.14 
             0.00000              0.00000              0.00000 
               NE.15 
             0.00000 
             T.cells             NK.cells              B.cells 
             0.00000              0.00000              0.00000 
        Plasma.cells                 pDCs        Myeloid.cells 
             0.00000              0.00000              0.00000 
   Endothelial.cells          Fibroblasts              Schwann 
             0.05183              0.05277              0.03147 
Adrenocortical.cells                 NE.1                 NE.2 
             0.00795              0.00000              0.48146 
                NE.3                 NE.4                 NE.5 
             0.00000              0.06149              0.00046 
                NE.6                 NE.7                 NE.8 
             0.00022              0.01764              0.00000 
                NE.9                NE.10                NE.11 
             0.02136              0.19742              0.07594 
               NE.12                NE.13                NE.14 
             0.00000              0.00000              0.00000 
               NE.15 
             0.00000 
             T.cells             NK.cells              B.cells 
             0.00000              0.00000              0.00000 
        Plasma.cells                 pDCs        Myeloid.cells 
             0.00000              0.00341              0.00175 
   Endothelial.cells          Fibroblasts              Schwann 
             0.14665              0.06446              0.07315 
Adrenocortical.cells                 NE.1                 NE.2 
             0.01839              0.00000              0.53114 
                NE.3                 NE.4                 NE.5 
             0.00000              0.00011              0.00062 
                NE.6                 NE.7                 NE.8 
             0.00061              0.00004              0.00000 
                NE.9                NE.10                NE.11 
             0.00035              0.15931              0.00000 
               NE.12                NE.13                NE.14 
             0.00000              0.00000              0.00000 
               NE.15 
             0.00000 
             T.cells             NK.cells              B.cells 
             0.00000              0.00000              0.00000 
        Plasma.cells                 pDCs        Myeloid.cells 
             0.00000              0.00000              0.00000 
   Endothelial.cells          Fibroblasts              Schwann 
             0.06201              0.01527              0.03623 
Adrenocortical.cells                 NE.1                 NE.2 
             0.00602              0.00000              0.48347 
                NE.3                 NE.4                 NE.5 
             0.00000              0.01544              0.00085 
                NE.6                 NE.7                 NE.8 
             0.01867              0.00012              0.00000 
                NE.9                NE.10                NE.11 
             0.04928              0.19753              0.11511 
               NE.12                NE.13                NE.14 
             0.00000              0.00000              0.00000 
               NE.15 
             0.00000 
             T.cells             NK.cells              B.cells 
             0.00000              0.00000              0.00000 
        Plasma.cells                 pDCs        Myeloid.cells 
             0.00000              0.00000              0.00000 
   Endothelial.cells          Fibroblasts              Schwann 
             0.08272              0.02356              0.04322 
Adrenocortical.cells                 NE.1                 NE.2 
             0.02068              0.00000              0.62289 
                NE.3                 NE.4                 NE.5 
             0.00000              0.00002              0.00096 
                NE.6                 NE.7                 NE.8 
             0.00017              0.02505              0.00000 
                NE.9                NE.10                NE.11 
             0.04193              0.13002              0.00877 
               NE.12                NE.13                NE.14 
             0.00000              0.00000              0.00000 
               NE.15 
             0.00000 
             T.cells             NK.cells              B.cells 
             0.00136              0.00000              0.00000 
        Plasma.cells                 pDCs        Myeloid.cells 
             0.00000              0.00643              0.01147 
   Endothelial.cells          Fibroblasts              Schwann 
             0.15017              0.18942              0.46313 
Adrenocortical.cells                 NE.1                 NE.2 
             0.02167              0.00000              0.15570 
                NE.3                 NE.4                 NE.5 
             0.00000              0.00000              0.00037 
                NE.6                 NE.7                 NE.8 
             0.00000              0.00000              0.00000 
                NE.9                NE.10                NE.11 
             0.00020              0.00009              0.00000 
               NE.12                NE.13                NE.14 
             0.00000              0.00000              0.00000 
               NE.15 
             0.00000 
             T.cells             NK.cells              B.cells 
             0.00000              0.00000              0.00019 
        Plasma.cells                 pDCs        Myeloid.cells 
             0.00000              0.00000              0.00152 
   Endothelial.cells          Fibroblasts              Schwann 
             0.10893              0.04698              0.06012 
Adrenocortical.cells                 NE.1                 NE.2 
             0.01110              0.00000              0.58253 
                NE.3                 NE.4                 NE.5 
             0.00000              0.00000              0.00086 
                NE.6                 NE.7                 NE.8 
             0.00041              0.00491              0.00000 
                NE.9                NE.10                NE.11 
             0.07523              0.07749              0.02972 
               NE.12                NE.13                NE.14 
             0.00000              0.00000              0.00000 
               NE.15 
             0.00000 
             T.cells             NK.cells              B.cells 
             0.01592              0.00000              0.00028 
        Plasma.cells                 pDCs        Myeloid.cells 
             0.00000              0.00213              0.00612 
   Endothelial.cells          Fibroblasts              Schwann 
             0.08302              0.07297              0.06429 
Adrenocortical.cells                 NE.1                 NE.2 
             0.02074              0.00000              0.44577 
                NE.3                 NE.4                 NE.5 
             0.00000              0.00010              0.00075 
                NE.6                 NE.7                 NE.8 
             0.00019              0.00006              0.00000 
                NE.9                NE.10                NE.11 
             0.00039              0.19184              0.09544 
               NE.12                NE.13                NE.14 
             0.00000              0.00000              0.00000 
               NE.15 
             0.00000 
             T.cells             NK.cells              B.cells 
             0.00000              0.00000              0.00000 
        Plasma.cells                 pDCs        Myeloid.cells 
             0.00000              0.00106              0.00283 
   Endothelial.cells          Fibroblasts              Schwann 
             0.09177              0.02499              0.05794 
Adrenocortical.cells                 NE.1                 NE.2 
             0.01812              0.00000              0.59921 
                NE.3                 NE.4                 NE.5 
             0.00000              0.04003              0.00065 
                NE.6                 NE.7                 NE.8 
             0.00039              0.05789              0.00000 
                NE.9                NE.10                NE.11 
             0.00038              0.10475              0.00000 
               NE.12                NE.13                NE.14 
             0.00000              0.00000              0.00000 
               NE.15 
             0.00000 
             T.cells             NK.cells              B.cells 
             0.11743              0.00277              0.29849 
        Plasma.cells                 pDCs        Myeloid.cells 
             0.00001              0.00895              0.03563 
   Endothelial.cells          Fibroblasts              Schwann 
             0.13761              0.00000              0.01640 
Adrenocortical.cells                 NE.1                 NE.2 
             0.04480              0.00000              0.33462 
                NE.3                 NE.4                 NE.5 
             0.00000              0.00000              0.00014 
                NE.6                 NE.7                 NE.8 
             0.00000              0.00003              0.00000 
                NE.9                NE.10                NE.11 
             0.00312              0.00000              0.00000 
               NE.12                NE.13                NE.14 
             0.00000              0.00000              0.00000 
               NE.15 
             0.00000 
             T.cells             NK.cells              B.cells 
             0.00000              0.00000              0.00000 
        Plasma.cells                 pDCs        Myeloid.cells 
             0.00000              0.00000              0.00157 
   Endothelial.cells          Fibroblasts              Schwann 
             0.11498              0.09076              0.07900 
Adrenocortical.cells                 NE.1                 NE.2 
             0.14553              0.00000              0.43070 
                NE.3                 NE.4                 NE.5 
             0.00000              0.01194              0.00069 
                NE.6                 NE.7                 NE.8 
             0.00016              0.02290              0.00000 
                NE.9                NE.10                NE.11 
             0.07666              0.02512              0.00000 
               NE.12                NE.13                NE.14 
             0.00000              0.00000              0.00000 
               NE.15 
             0.00000 
             T.cells             NK.cells              B.cells 
             0.00515              0.00000              0.00000 
        Plasma.cells                 pDCs        Myeloid.cells 
             0.00000              0.00481              0.00926 
   Endothelial.cells          Fibroblasts              Schwann 
             0.08843              0.09147              0.16872 
Adrenocortical.cells                 NE.1                 NE.2 
             0.03018              0.00000              0.36241 
                NE.3                 NE.4                 NE.5 
             0.00000              0.00052              0.00122 
                NE.6                 NE.7                 NE.8 
             0.02697              0.00000              0.00000 
                NE.9                NE.10                NE.11 
             0.00061              0.21025              0.00000 
               NE.12                NE.13                NE.14 
             0.00000              0.00000              0.00000 
               NE.15 
             0.00000 
             T.cells             NK.cells              B.cells 
             0.35178              0.00000              0.06606 
        Plasma.cells                 pDCs        Myeloid.cells 
             0.00000              0.00014              0.00100 
   Endothelial.cells          Fibroblasts              Schwann 
             0.09405              0.00000              0.01696 
Adrenocortical.cells                 NE.1                 NE.2 
             0.07481              0.00000              0.36281 
                NE.3                 NE.4                 NE.5 
             0.00000              0.00102              0.00025 
                NE.6                 NE.7                 NE.8 
             0.00000              0.00810              0.00000 
                NE.9                NE.10                NE.11 
             0.00484              0.01817              0.00000 
               NE.12                NE.13                NE.14 
             0.00000              0.00000              0.00000 
               NE.15 
             0.00000 
             T.cells             NK.cells              B.cells 
             0.00000              0.00000              0.00000 
        Plasma.cells                 pDCs        Myeloid.cells 
             0.00000              0.00000              0.00000 
   Endothelial.cells          Fibroblasts              Schwann 
             0.07419              0.08622              0.07372 
Adrenocortical.cells                 NE.1                 NE.2 
             0.02819              0.00000              0.49194 
                NE.3                 NE.4                 NE.5 
             0.00000              0.09093              0.00047 
                NE.6                 NE.7                 NE.8 
             0.00084              0.10572              0.00000 
                NE.9                NE.10                NE.11 
             0.01871              0.01360              0.01547 
               NE.12                NE.13                NE.14 
             0.00000              0.00000              0.00000 
               NE.15 
             0.00000 
             T.cells             NK.cells              B.cells 
             0.00000              0.00000              0.00070 
        Plasma.cells                 pDCs        Myeloid.cells 
             0.00000              0.00000              0.00183 
   Endothelial.cells          Fibroblasts              Schwann 
             0.02816              0.00000              0.05522 
Adrenocortical.cells                 NE.1                 NE.2 
             0.00998              0.00000              0.52103 
                NE.3                 NE.4                 NE.5 
             0.00000              0.00023              0.00103 
                NE.6                 NE.7                 NE.8 
             0.02411              0.01812              0.00000 
                NE.9                NE.10                NE.11 
             0.03613              0.19232              0.11114 
               NE.12                NE.13                NE.14 
             0.00000              0.00000              0.00000 
               NE.15 
             0.00000 
             T.cells             NK.cells              B.cells 
             0.09622              0.00004              0.34226 
        Plasma.cells                 pDCs        Myeloid.cells 
             0.00082              0.00168              0.00820 
   Endothelial.cells          Fibroblasts              Schwann 
             0.10877              0.00000              0.02427 
Adrenocortical.cells                 NE.1                 NE.2 
             0.06431              0.00000              0.34187 
                NE.3                 NE.4                 NE.5 
             0.00000              0.00000              0.00013 
                NE.6                 NE.7                 NE.8 
             0.00000              0.00005              0.00000 
                NE.9                NE.10                NE.11 
             0.01139              0.00000              0.00000 
               NE.12                NE.13                NE.14 
             0.00000              0.00000              0.00000 
               NE.15 
             0.00000 
             T.cells             NK.cells              B.cells 
             0.00000              0.00000              0.00000 
        Plasma.cells                 pDCs        Myeloid.cells 
             0.00000              0.00000              0.00001 
   Endothelial.cells          Fibroblasts              Schwann 
             0.03349              0.00351              0.06315 
Adrenocortical.cells                 NE.1                 NE.2 
             0.03226              0.00000              0.48348 
                NE.3                 NE.4                 NE.5 
             0.00000              0.00050              0.04177 
                NE.6                 NE.7                 NE.8 
             0.00003              0.08644              0.00000 
                NE.9                NE.10                NE.11 
             0.04650              0.15450              0.00000 
               NE.12                NE.13                NE.14 
             0.01142              0.00000              0.04294 
               NE.15 
             0.00000 
             T.cells             NK.cells              B.cells 
             0.00000              0.00000              0.00000 
        Plasma.cells                 pDCs        Myeloid.cells 
             0.00000              0.00019              0.00396 
   Endothelial.cells          Fibroblasts              Schwann 
             0.06058              0.03885              0.03828 
Adrenocortical.cells                 NE.1                 NE.2 
             0.01253              0.00000              0.57533 
                NE.3                 NE.4                 NE.5 
             0.00000              0.07328              0.00096 
                NE.6                 NE.7                 NE.8 
             0.00009              0.02772              0.00000 
                NE.9                NE.10                NE.11 
             0.00060              0.16764              0.00000 
               NE.12                NE.13                NE.14 
             0.00000              0.00000              0.00000 
               NE.15 
             0.00000 
             T.cells             NK.cells              B.cells 
             0.00000              0.00000              0.00000 
        Plasma.cells                 pDCs        Myeloid.cells 
             0.00000              0.00000              0.00000 
   Endothelial.cells          Fibroblasts              Schwann 
             0.03223              0.00000              0.06233 
Adrenocortical.cells                 NE.1                 NE.2 
             0.02238              0.00000              0.39120 
                NE.3                 NE.4                 NE.5 
             0.00000              0.05413              0.00144 
                NE.6                 NE.7                 NE.8 
             0.02443              0.03838              0.00000 
                NE.9                NE.10                NE.11 
             0.00083              0.25815              0.11451 
               NE.12                NE.13                NE.14 
             0.00000              0.00000              0.00000 
               NE.15 
             0.00000 
             T.cells             NK.cells              B.cells 
             0.08417              0.00000              0.09311 
        Plasma.cells                 pDCs        Myeloid.cells 
             0.00000              0.00050              0.00010 
   Endothelial.cells          Fibroblasts              Schwann 
             0.11241              0.00107              0.09183 
Adrenocortical.cells                 NE.1                 NE.2 
             0.07217              0.00000              0.37733 
                NE.3                 NE.4                 NE.5 
             0.00000              0.00000              0.00087 
                NE.6                 NE.7                 NE.8 
             0.00008              0.00000              0.00000 
                NE.9                NE.10                NE.11 
             0.00121              0.01982              0.14533 
               NE.12                NE.13                NE.14 
             0.00000              0.00000              0.00000 
               NE.15 
             0.00000 
             T.cells             NK.cells              B.cells 
             0.00000              0.00000              0.00000 
        Plasma.cells                 pDCs        Myeloid.cells 
             0.00000              0.00000              0.00000 
   Endothelial.cells          Fibroblasts              Schwann 
             0.03523              0.00711              0.06037 
Adrenocortical.cells                 NE.1                 NE.2 
             0.03711              0.00000              0.48238 
                NE.3                 NE.4                 NE.5 
             0.00000              0.00056              0.11120 
                NE.6                 NE.7                 NE.8 
             0.01820              0.03762              0.00000 
                NE.9                NE.10                NE.11 
             0.01220              0.19277              0.00000 
               NE.12                NE.13                NE.14 
             0.00000              0.00000              0.00525 
               NE.15 
             0.00000 
             T.cells             NK.cells              B.cells 
             0.00000              0.00000              0.00000 
        Plasma.cells                 pDCs        Myeloid.cells 
             0.00000              0.00101              0.01220 
   Endothelial.cells          Fibroblasts              Schwann 
             0.15570              0.13747              0.13779 
Adrenocortical.cells                 NE.1                 NE.2 
             0.05022              0.00000              0.31195 
                NE.3                 NE.4                 NE.5 
             0.00000              0.00562              0.00053 
                NE.6                 NE.7                 NE.8 
             0.00326              0.00000              0.00000 
                NE.9                NE.10                NE.11 
             0.00033              0.18392              0.00000 
               NE.12                NE.13                NE.14 
             0.00000              0.00000              0.00000 
               NE.15 
             0.00000 
             T.cells             NK.cells              B.cells 
             0.00616              0.00000              0.00519 
        Plasma.cells                 pDCs        Myeloid.cells 
             0.00000              0.00360              0.00467 
   Endothelial.cells          Fibroblasts              Schwann 
             0.07218              0.06639              0.20175 
Adrenocortical.cells                 NE.1                 NE.2 
             0.01497              0.00000              0.40219 
                NE.3                 NE.4                 NE.5 
             0.00000              0.00037              0.00076 
                NE.6                 NE.7                 NE.8 
             0.05302              0.00000              0.00000 
                NE.9                NE.10                NE.11 
             0.00048              0.14128              0.02697 
               NE.12                NE.13                NE.14 
             0.00000              0.00000              0.00000 
               NE.15 
             0.00000 
             T.cells             NK.cells              B.cells 
             0.00470              0.00000              0.00000 
        Plasma.cells                 pDCs        Myeloid.cells 
             0.00000              0.00049              0.00091 
   Endothelial.cells          Fibroblasts              Schwann 
             0.20406              0.05417              0.02483 
Adrenocortical.cells                 NE.1                 NE.2 
             0.39970              0.00000              0.16844 
                NE.3                 NE.4                 NE.5 
             0.00000              0.08841              0.00027 
                NE.6                 NE.7                 NE.8 
             0.00000              0.03789              0.00000 
                NE.9                NE.10                NE.11 
             0.01612              0.00000              0.00000 
               NE.12                NE.13                NE.14 
             0.00000              0.00000              0.00000 
               NE.15 
             0.00000 
             T.cells             NK.cells              B.cells 
             0.00080              0.00050              0.00163 
        Plasma.cells                 pDCs        Myeloid.cells 
             0.00000              0.00053              0.00074 
   Endothelial.cells          Fibroblasts              Schwann 
             0.19918              0.00047              0.03743 
Adrenocortical.cells                 NE.1                 NE.2 
             0.44468              0.00000              0.15438 
                NE.3                 NE.4                 NE.5 
             0.00000              0.00000              0.00019 
                NE.6                 NE.7                 NE.8 
             0.00000              0.09086              0.00000 
                NE.9                NE.10                NE.11 
             0.06861              0.00000              0.00000 
               NE.12                NE.13                NE.14 
             0.00000              0.00000              0.00000 
               NE.15 
             0.00000 
             T.cells             NK.cells              B.cells 
             0.01246              0.00000              0.00417 
        Plasma.cells                 pDCs        Myeloid.cells 
             0.00000              0.00002              0.00002 
   Endothelial.cells          Fibroblasts              Schwann 
             0.06969              0.01862              0.05080 
Adrenocortical.cells                 NE.1                 NE.2 
             0.01018              0.00000              0.57414 
                NE.3                 NE.4                 NE.5 
             0.00000              0.00042              0.00079 
                NE.6                 NE.7                 NE.8 
             0.00066              0.00000              0.00000 
                NE.9                NE.10                NE.11 
             0.00028              0.14625              0.11149 
               NE.12                NE.13                NE.14 
             0.00000              0.00000              0.00000 
               NE.15 
             0.00000 
null device 
          1 
done
